<?xml version="1.0" encoding="UTF-8"?>
<testng-results skipped="0" failed="0" ignored="0" total="2" passed="2">
  <reporter-output>
  </reporter-output>
  <suite name="Default suite" duration-ms="3396" started-at="2019-04-17T13:58:33Z" finished-at="2019-04-17T13:58:37Z">
    <groups>
    </groups>
    <test name="Default test" duration-ms="3396" started-at="2019-04-17T13:58:33Z" finished-at="2019-04-17T13:58:37Z">
      <class name="zonaserAutomatizacion.ZonaSerAutomatizacion">
        <test-method status="PASS" signature="connectionsURL()[pri:0, instance:zonaserAutomatizacion.ZonaSerAutomatizacion@39aeed2f]" name="connectionsURL" is-config="true" duration-ms="2367" started-at="2019-04-17T08:58:33Z" finished-at="2019-04-17T08:58:35Z">
          <reporter-output>
          </reporter-output>
        </test-method> <!-- connectionsURL -->
        <test-method status="PASS" signature="consultaVacia()[pri:0, instance:zonaserAutomatizacion.ZonaSerAutomatizacion@39aeed2f]" name="consultaVacia" duration-ms="847" started-at="2019-04-17T08:58:36Z" description="testConsultaVacia" finished-at="2019-04-17T08:58:36Z">
          <reporter-output>
          </reporter-output>
        </test-method> <!-- consultaVacia -->
        <test-method status="PASS" signature="nombreIps()[pri:0, instance:zonaserAutomatizacion.ZonaSerAutomatizacion@39aeed2f]" name="nombreIps" duration-ms="76" started-at="2019-04-17T08:58:36Z" description="testNombreIps" finished-at="2019-04-17T08:58:36Z">
          <reporter-output>
          </reporter-output>
        </test-method> <!-- nombreIps -->
        <test-method status="PASS" signature="close()[pri:0, instance:zonaserAutomatizacion.ZonaSerAutomatizacion@39aeed2f]" name="close" is-config="true" duration-ms="86" started-at="2019-04-17T08:58:36Z" finished-at="2019-04-17T08:58:37Z">
          <reporter-output>
          </reporter-output>
        </test-method> <!-- close -->
      </class> <!-- zonaserAutomatizacion.ZonaSerAutomatizacion -->
    </test> <!-- Default test -->
  </suite> <!-- Default suite -->
</testng-results>
